<?xml version="1.0" encoding="UTF-8"?>
<!-- Generated by org.testng.reporters.JUnitReportReporter -->
<testsuite hostname="DESKTOP-MR1179S" name="script.ValidLogin" tests="1" failures="0" timestamp="20 May 2019 05:43:16 GMT" time="110.986" errors="0">
  <testcase name="testValidLogin" time="110.986" classname="script.ValidLogin"/>
</testsuite> <!-- script.ValidLogin -->
